example2/build/outputs/logs/manifest-merger-debug-report.txt
-- Merging decision tree log ---
manifest
ADDED from src\main\AndroidManifest.xml:2:1-38:12
	package
		ADDED from src\main\AndroidManifest.xml:3:7-36
		INJECTED from src\main\AndroidManifest.xml
		INJECTED from src\main\AndroidManifest.xml
	android:versionName
		ADDED from src\main\AndroidManifest.xml:5:7-32
		INJECTED from src\main\AndroidManifest.xml
		INJECTED from src\main\AndroidManifest.xml
	android:versionCode
		ADDED from src\main\AndroidManifest.xml:4:7-30
		INJECTED from src\main\AndroidManifest.xml
		INJECTED from src\main\AndroidManifest.xml
	xmlns:android
		ADDED from src\main\AndroidManifest.xml:2:11-69
	android:installLocation
		ADDED from src\main\AndroidManifest.xml:6:7-37
uses-sdk
ADDED from src\main\AndroidManifest.xml:8:5-73
MERGED from [com.android.support:support-v4:23.1.0] AndroidManifest.xml:20:5-43
MERGED from [zoom-sdk-android-studio:zoomcommonlib:unspecified] AndroidManifest.xml:7:5-9:41
MERGED from [zoom-sdk-android-studio:zoomsdk:unspecified] AndroidManifest.xml:7:5-9:41
	android:targetSdkVersion
		ADDED from src\main\AndroidManifest.xml:8:42-71
		INJECTED from src\main\AndroidManifest.xml
		INJECTED from src\main\AndroidManifest.xml
	android:minSdkVersion
		ADDED from src\main\AndroidManifest.xml:8:15-41
		INJECTED from src\main\AndroidManifest.xml
		INJECTED from src\main\AndroidManifest.xml
uses-feature#0x00020000
ADDED from src\main\AndroidManifest.xml:10:5-53
MERGED from [zoom-sdk-android-studio:zoomsdk:unspecified] AndroidManifest.xml:11:5-54
	android:glEsVersion
		ADDED from src\main\AndroidManifest.xml:10:19-51
application
ADDED from src\main\AndroidManifest.xml:12:5-36:19
MERGED from [com.android.support:support-v4:23.1.0] AndroidManifest.xml:22:5-20
MERGED from [zoom-sdk-android-studio:zoomsdk:unspecified] AndroidManifest.xml:43:5-123:19
	android:label
		ADDED from src\main\AndroidManifest.xml:12:18-55
	android:icon
		ADDED from src\main\AndroidManifest.xml:13:9-45
activity#us.zoom.sdkexample2.MainActivity
ADDED from src\main\AndroidManifest.xml:15:9-26:20
	android:screenOrientation
		ADDED from src\main\AndroidManifest.xml:19:13-50
	android:label
		ADDED from src\main\AndroidManifest.xml:18:13-50
	android:icon
		ADDED from src\main\AndroidManifest.xml:17:13-49
	android:theme
		ADDED from src\main\AndroidManifest.xml:20:13-54
	android:name
		ADDED from src\main\AndroidManifest.xml:16:13-60
intent-filter#android.intent.action.MAIN+android.intent.category.LAUNCHER
ADDED from src\main\AndroidManifest.xml:21:13-25:29
action#android.intent.action.MAIN
ADDED from src\main\AndroidManifest.xml:22:17-69
	android:name
		ADDED from src\main\AndroidManifest.xml:22:25-66
category#android.intent.category.LAUNCHER
ADDED from src\main\AndroidManifest.xml:24:17-77
	android:name
		ADDED from src\main\AndroidManifest.xml:24:27-74
activity#us.zoom.sdkexample2.MyMeetingActivity
ADDED from src\main\AndroidManifest.xml:28:9-34:53
	android:process
		ADDED from src\main\AndroidManifest.xml:33:13-44
	android:screenOrientation
		ADDED from src\main\AndroidManifest.xml:34:13-50
	android:hardwareAccelerated
		ADDED from src\main\AndroidManifest.xml:31:13-48
	android:configChanges
		ADDED from src\main\AndroidManifest.xml:30:13-59
	android:theme
		ADDED from src\main\AndroidManifest.xml:32:13-53
	android:name
		ADDED from src\main\AndroidManifest.xml:29:13-65
uses-feature#android.hardware.camera
ADDED from [zoom-sdk-android-studio:zoomsdk:unspecified] AndroidManifest.xml:12:5-14:36
	android:required
		ADDED from [zoom-sdk-android-studio:zoomsdk:unspecified] AndroidManifest.xml:14:9-33
	android:name
		ADDED from [zoom-sdk-android-studio:zoomsdk:unspecified] AndroidManifest.xml:13:9-47
uses-feature#android.hardware.camera.autofocus
ADDED from [zoom-sdk-android-studio:zoomsdk:unspecified] AndroidManifest.xml:15:5-17:36
	android:required
		ADDED from [zoom-sdk-android-studio:zoomsdk:unspecified] AndroidManifest.xml:17:9-33
	android:name
		ADDED from [zoom-sdk-android-studio:zoomsdk:unspecified] AndroidManifest.xml:16:9-57
uses-feature#android.hardware.telephony
ADDED from [zoom-sdk-android-studio:zoomsdk:unspecified] AndroidManifest.xml:18:5-20:36
	android:required
		ADDED from [zoom-sdk-android-studio:zoomsdk:unspecified] AndroidManifest.xml:20:9-33
	android:name
		ADDED from [zoom-sdk-android-studio:zoomsdk:unspecified] AndroidManifest.xml:19:9-50
uses-feature#android.hardware.bluetooth
ADDED from [zoom-sdk-android-studio:zoomsdk:unspecified] AndroidManifest.xml:21:5-23:36
	android:required
		ADDED from [zoom-sdk-android-studio:zoomsdk:unspecified] AndroidManifest.xml:23:9-33
	android:name
		ADDED from [zoom-sdk-android-studio:zoomsdk:unspecified] AndroidManifest.xml:22:9-50
uses-feature#android.hardware.microphone
ADDED from [zoom-sdk-android-studio:zoomsdk:unspecified] AndroidManifest.xml:24:5-26:36
	android:required
		ADDED from [zoom-sdk-android-studio:zoomsdk:unspecified] AndroidManifest.xml:26:9-33
	android:name
		ADDED from [zoom-sdk-android-studio:zoomsdk:unspecified] AndroidManifest.xml:25:9-51
uses-permission#android.permission.WRITE_EXTERNAL_STORAGE
ADDED from [zoom-sdk-android-studio:zoomsdk:unspecified] AndroidManifest.xml:28:5-81
	android:name
		ADDED from [zoom-sdk-android-studio:zoomsdk:unspecified] AndroidManifest.xml:28:22-78
uses-permission#android.permission.INTERNET
ADDED from [zoom-sdk-android-studio:zoomsdk:unspecified] AndroidManifest.xml:29:5-67
	android:name
		ADDED from [zoom-sdk-android-studio:zoomsdk:unspecified] AndroidManifest.xml:29:22-64
uses-permission#android.permission.READ_PHONE_STATE
ADDED from [zoom-sdk-android-studio:zoomsdk:unspecified] AndroidManifest.xml:30:5-75
	android:name
		ADDED from [zoom-sdk-android-studio:zoomsdk:unspecified] AndroidManifest.xml:30:22-72
uses-permission#android.permission.ACCESS_NETWORK_STATE
ADDED from [zoom-sdk-android-studio:zoomsdk:unspecified] AndroidManifest.xml:31:5-79
	android:name
		ADDED from [zoom-sdk-android-studio:zoomsdk:unspecified] AndroidManifest.xml:31:22-76
uses-permission#android.permission.ACCESS_WIFI_STATE
ADDED from [zoom-sdk-android-studio:zoomsdk:unspecified] AndroidManifest.xml:32:5-76
	android:name
		ADDED from [zoom-sdk-android-studio:zoomsdk:unspecified] AndroidManifest.xml:32:22-73
uses-permission#android.permission.MODIFY_AUDIO_SETTINGS
ADDED from [zoom-sdk-android-studio:zoomsdk:unspecified] AndroidManifest.xml:33:5-80
	android:name
		ADDED from [zoom-sdk-android-studio:zoomsdk:unspecified] AndroidManifest.xml:33:22-77
uses-permission#android.permission.RECORD_AUDIO
ADDED from [zoom-sdk-android-studio:zoomsdk:unspecified] AndroidManifest.xml:34:5-71
	android:name
		ADDED from [zoom-sdk-android-studio:zoomsdk:unspecified] AndroidManifest.xml:34:22-68
uses-permission#android.permission.CAMERA
ADDED from [zoom-sdk-android-studio:zoomsdk:unspecified] AndroidManifest.xml:35:5-65
	android:name
		ADDED from [zoom-sdk-android-studio:zoomsdk:unspecified] AndroidManifest.xml:35:22-62
uses-permission#android.permission.BLUETOOTH
ADDED from [zoom-sdk-android-studio:zoomsdk:unspecified] AndroidManifest.xml:36:5-68
	android:name
		ADDED from [zoom-sdk-android-studio:zoomsdk:unspecified] AndroidManifest.xml:36:22-65
uses-permission#android.permission.BLUETOOTH_ADMIN
ADDED from [zoom-sdk-android-studio:zoomsdk:unspecified] AndroidManifest.xml:37:5-74
	android:name
		ADDED from [zoom-sdk-android-studio:zoomsdk:unspecified] AndroidManifest.xml:37:22-71
uses-permission#android.permission.BROADCAST_STICKY
ADDED from [zoom-sdk-android-studio:zoomsdk:unspecified] AndroidManifest.xml:38:5-75
	android:name
		ADDED from [zoom-sdk-android-studio:zoomsdk:unspecified] AndroidManifest.xml:38:22-72
uses-permission#android.permission.WAKE_LOCK
ADDED from [zoom-sdk-android-studio:zoomsdk:unspecified] AndroidManifest.xml:39:5-68
	android:name
		ADDED from [zoom-sdk-android-studio:zoomsdk:unspecified] AndroidManifest.xml:39:22-65
uses-permission#android.permission.CALL_PHONE
ADDED from [zoom-sdk-android-studio:zoomsdk:unspecified] AndroidManifest.xml:40:5-69
	android:name
		ADDED from [zoom-sdk-android-studio:zoomsdk:unspecified] AndroidManifest.xml:40:22-66
uses-permission#android.permission.SYSTEM_ALERT_WINDOW
ADDED from [zoom-sdk-android-studio:zoomsdk:unspecified] AndroidManifest.xml:41:5-78
	android:name
		ADDED from [zoom-sdk-android-studio:zoomsdk:unspecified] AndroidManifest.xml:41:22-75
activity#com.zipow.videobox.JoinByURLActivity
ADDED from [zoom-sdk-android-studio:zoomsdk:unspecified] AndroidManifest.xml:44:9-48:58
	android:launchMode
		ADDED from [zoom-sdk-android-studio:zoomsdk:unspecified] AndroidManifest.xml:47:13-44
	android:configChanges
		ADDED from [zoom-sdk-android-studio:zoomsdk:unspecified] AndroidManifest.xml:46:13-59
	android:theme
		ADDED from [zoom-sdk-android-studio:zoomsdk:unspecified] AndroidManifest.xml:48:13-55
	android:name
		ADDED from [zoom-sdk-android-studio:zoomsdk:unspecified] AndroidManifest.xml:45:13-64
activity#com.zipow.videobox.IntegrationActivity
ADDED from [zoom-sdk-android-studio:zoomsdk:unspecified] AndroidManifest.xml:49:9-53:58
	android:launchMode
		ADDED from [zoom-sdk-android-studio:zoomsdk:unspecified] AndroidManifest.xml:52:13-44
	android:configChanges
		ADDED from [zoom-sdk-android-studio:zoomsdk:unspecified] AndroidManifest.xml:51:13-59
	android:theme
		ADDED from [zoom-sdk-android-studio:zoomsdk:unspecified] AndroidManifest.xml:53:13-55
	android:name
		ADDED from [zoom-sdk-android-studio:zoomsdk:unspecified] AndroidManifest.xml:50:13-66
activity#com.zipow.videobox.MeetingEndMessageActivity
ADDED from [zoom-sdk-android-studio:zoomsdk:unspecified] AndroidManifest.xml:54:9-57:59
	android:configChanges
		ADDED from [zoom-sdk-android-studio:zoomsdk:unspecified] AndroidManifest.xml:56:13-59
	android:theme
		ADDED from [zoom-sdk-android-studio:zoomsdk:unspecified] AndroidManifest.xml:57:13-56
	android:name
		ADDED from [zoom-sdk-android-studio:zoomsdk:unspecified] AndroidManifest.xml:55:13-72
activity#com.zipow.videobox.ConfActivityNormal
ADDED from [zoom-sdk-android-studio:zoomsdk:unspecified] AndroidManifest.xml:58:9-63:56
	android:process
		ADDED from [zoom-sdk-android-studio:zoomsdk:unspecified] AndroidManifest.xml:62:13-44
	android:hardwareAccelerated
		ADDED from [zoom-sdk-android-studio:zoomsdk:unspecified] AndroidManifest.xml:61:13-48
	android:configChanges
		ADDED from [zoom-sdk-android-studio:zoomsdk:unspecified] AndroidManifest.xml:60:13-59
	android:theme
		ADDED from [zoom-sdk-android-studio:zoomsdk:unspecified] AndroidManifest.xml:63:13-53
	android:name
		ADDED from [zoom-sdk-android-studio:zoomsdk:unspecified] AndroidManifest.xml:59:13-65
activity#com.zipow.videobox.PListActivity
ADDED from [zoom-sdk-android-studio:zoomsdk:unspecified] AndroidManifest.xml:64:9-69:56
	android:process
		ADDED from [zoom-sdk-android-studio:zoomsdk:unspecified] AndroidManifest.xml:68:13-44
	android:hardwareAccelerated
		ADDED from [zoom-sdk-android-studio:zoomsdk:unspecified] AndroidManifest.xml:67:13-48
	android:configChanges
		ADDED from [zoom-sdk-android-studio:zoomsdk:unspecified] AndroidManifest.xml:66:13-59
	android:theme
		ADDED from [zoom-sdk-android-studio:zoomsdk:unspecified] AndroidManifest.xml:69:13-53
	android:name
		ADDED from [zoom-sdk-android-studio:zoomsdk:unspecified] AndroidManifest.xml:65:13-60
activity#com.zipow.videobox.ConfChatActivity
ADDED from [zoom-sdk-android-studio:zoomsdk:unspecified] AndroidManifest.xml:70:9-74:56
	android:process
		ADDED from [zoom-sdk-android-studio:zoomsdk:unspecified] AndroidManifest.xml:73:13-44
	android:configChanges
		ADDED from [zoom-sdk-android-studio:zoomsdk:unspecified] AndroidManifest.xml:72:13-59
	android:theme
		ADDED from [zoom-sdk-android-studio:zoomsdk:unspecified] AndroidManifest.xml:74:13-53
	android:name
		ADDED from [zoom-sdk-android-studio:zoomsdk:unspecified] AndroidManifest.xml:71:13-63
activity#com.zipow.videobox.MeetingRunningInfoActivity
ADDED from [zoom-sdk-android-studio:zoomsdk:unspecified] AndroidManifest.xml:75:9-79:56
	android:process
		ADDED from [zoom-sdk-android-studio:zoomsdk:unspecified] AndroidManifest.xml:78:13-44
	android:configChanges
		ADDED from [zoom-sdk-android-studio:zoomsdk:unspecified] AndroidManifest.xml:77:13-59
	android:theme
		ADDED from [zoom-sdk-android-studio:zoomsdk:unspecified] AndroidManifest.xml:79:13-53
	android:name
		ADDED from [zoom-sdk-android-studio:zoomsdk:unspecified] AndroidManifest.xml:76:13-73
activity#com.zipow.videobox.CallInActivity
ADDED from [zoom-sdk-android-studio:zoomsdk:unspecified] AndroidManifest.xml:80:9-84:56
	android:process
		ADDED from [zoom-sdk-android-studio:zoomsdk:unspecified] AndroidManifest.xml:83:13-44
	android:configChanges
		ADDED from [zoom-sdk-android-studio:zoomsdk:unspecified] AndroidManifest.xml:82:13-59
	android:theme
		ADDED from [zoom-sdk-android-studio:zoomsdk:unspecified] AndroidManifest.xml:84:13-53
	android:name
		ADDED from [zoom-sdk-android-studio:zoomsdk:unspecified] AndroidManifest.xml:81:13-61
activity#com.zipow.videobox.SimpleActivity
ADDED from [zoom-sdk-android-studio:zoomsdk:unspecified] AndroidManifest.xml:85:9-89:70
	android:windowSoftInputMode
		ADDED from [zoom-sdk-android-studio:zoomsdk:unspecified] AndroidManifest.xml:89:13-67
	android:configChanges
		ADDED from [zoom-sdk-android-studio:zoomsdk:unspecified] AndroidManifest.xml:87:13-59
	android:theme
		ADDED from [zoom-sdk-android-studio:zoomsdk:unspecified] AndroidManifest.xml:88:13-53
	android:name
		ADDED from [zoom-sdk-android-studio:zoomsdk:unspecified] AndroidManifest.xml:86:13-61
activity#com.zipow.videobox.SimpleInMeetingActivity
ADDED from [zoom-sdk-android-studio:zoomsdk:unspecified] AndroidManifest.xml:90:9-95:70
	android:process
		ADDED from [zoom-sdk-android-studio:zoomsdk:unspecified] AndroidManifest.xml:93:13-44
	android:windowSoftInputMode
		ADDED from [zoom-sdk-android-studio:zoomsdk:unspecified] AndroidManifest.xml:95:13-67
	android:configChanges
		ADDED from [zoom-sdk-android-studio:zoomsdk:unspecified] AndroidManifest.xml:92:13-59
	android:theme
		ADDED from [zoom-sdk-android-studio:zoomsdk:unspecified] AndroidManifest.xml:94:13-53
	android:name
		ADDED from [zoom-sdk-android-studio:zoomsdk:unspecified] AndroidManifest.xml:91:13-70
activity#com.zipow.videobox.poll.PollingActivity
ADDED from [zoom-sdk-android-studio:zoomsdk:unspecified] AndroidManifest.xml:96:9-99:56
	android:configChanges
		ADDED from [zoom-sdk-android-studio:zoomsdk:unspecified] AndroidManifest.xml:98:13-59
	android:theme
		ADDED from [zoom-sdk-android-studio:zoomsdk:unspecified] AndroidManifest.xml:99:13-53
	android:name
		ADDED from [zoom-sdk-android-studio:zoomsdk:unspecified] AndroidManifest.xml:97:13-67
activity#com.zipow.videobox.poll.WebinarPollingActivity
ADDED from [zoom-sdk-android-studio:zoomsdk:unspecified] AndroidManifest.xml:100:9-104:56
	android:process
		ADDED from [zoom-sdk-android-studio:zoomsdk:unspecified] AndroidManifest.xml:103:13-44
	android:configChanges
		ADDED from [zoom-sdk-android-studio:zoomsdk:unspecified] AndroidManifest.xml:102:13-59
	android:theme
		ADDED from [zoom-sdk-android-studio:zoomsdk:unspecified] AndroidManifest.xml:104:13-53
	android:name
		ADDED from [zoom-sdk-android-studio:zoomsdk:unspecified] AndroidManifest.xml:101:13-74
activity#com.zipow.videobox.poll.PollingResultActivity
ADDED from [zoom-sdk-android-studio:zoomsdk:unspecified] AndroidManifest.xml:105:9-108:56
	android:configChanges
		ADDED from [zoom-sdk-android-studio:zoomsdk:unspecified] AndroidManifest.xml:107:13-59
	android:theme
		ADDED from [zoom-sdk-android-studio:zoomsdk:unspecified] AndroidManifest.xml:108:13-53
	android:name
		ADDED from [zoom-sdk-android-studio:zoomsdk:unspecified] AndroidManifest.xml:106:13-73
activity#com.zipow.videobox.poll.WebinarPollingResultActivity
ADDED from [zoom-sdk-android-studio:zoomsdk:unspecified] AndroidManifest.xml:109:9-113:56
	android:process
		ADDED from [zoom-sdk-android-studio:zoomsdk:unspecified] AndroidManifest.xml:112:13-44
	android:configChanges
		ADDED from [zoom-sdk-android-studio:zoomsdk:unspecified] AndroidManifest.xml:111:13-59
	android:theme
		ADDED from [zoom-sdk-android-studio:zoomsdk:unspecified] AndroidManifest.xml:113:13-53
	android:name
		ADDED from [zoom-sdk-android-studio:zoomsdk:unspecified] AndroidManifest.xml:110:13-80
activity#us.zoom.androidlib.app.ZMFileListActivity
ADDED from [zoom-sdk-android-studio:zoomsdk:unspecified] AndroidManifest.xml:114:9-117:56
	android:configChanges
		ADDED from [zoom-sdk-android-studio:zoomsdk:unspecified] AndroidManifest.xml:116:13-59
	android:theme
		ADDED from [zoom-sdk-android-studio:zoomsdk:unspecified] AndroidManifest.xml:117:13-53
	android:name
		ADDED from [zoom-sdk-android-studio:zoomsdk:unspecified] AndroidManifest.xml:115:13-69
service#com.zipow.videobox.PTService
ADDED from [zoom-sdk-android-studio:zoomsdk:unspecified] AndroidManifest.xml:119:9-64
	android:name
		ADDED from [zoom-sdk-android-studio:zoomsdk:unspecified] AndroidManifest.xml:119:18-61
service#com.zipow.videobox.ConfService
ADDED from [zoom-sdk-android-studio:zoomsdk:unspecified] AndroidManifest.xml:120:9-122:47
	android:process
		ADDED from [zoom-sdk-android-studio:zoomsdk:unspecified] AndroidManifest.xml:122:13-44
	android:name
		ADDED from [zoom-sdk-android-studio:zoomsdk:unspecified] AndroidManifest.xml:121:13-58
android:uses-permission#android.permission.READ_EXTERNAL_STORAGE
IMPLIED from src\main\AndroidManifest.xml:2:1-38:12 reason: us.zoom.videomeetings requested WRITE_EXTERNAL_STORAGE